# JRE version: Java(TM) SE Runtime Environment (8.0_144-b01) (build 1.8.0_144-b01)
# Java VM: Java HotSpot(TM) 64-Bit Server VM (25.144-b01 mixed mode bsd-amd64 compressed oops)
Heap:
 PSYoungGen      total 68096K, used 14286K [0x000000076ab00000, 0x000000076f900000, 0x00000007c0000000)
  eden space 59392K, 9% used [0x000000076ab00000,0x000000076b08f4c8,0x000000076e500000)
  from space 8704K, 98% used [0x000000076e600000,0x000000076ee644a0,0x000000076ee80000)
  to   space 10240K, 0% used [0x000000076ef00000,0x000000076ef00000,0x000000076f900000)
 ParOldGen       total 75264K, used 17402K [0x00000006c0000000, 0x00000006c4980000, 0x000000076ab00000)
  object space 75264K, 23% used [0x00000006c0000000,0x00000006c10febc0,0x00000006c4980000)
 Metaspace       used 22839K, capacity 23364K, committed 23680K, reserved 1069056K
  class space    used 3055K, capacity 3185K, committed 3200K, reserved 1048576K
GC Heap History (10 events):
Event: 155.711 GC heap before
{Heap before GC invocations=6 (full 1):
 PSYoungGen      total 76288K, used 69930K [0x000000076ab00000, 0x0000000770000000, 0x00000007c0000000)
  eden space 65536K, 100% used [0x000000076ab00000,0x000000076eb00000,0x000000076eb00000)
  from space 10752K, 40% used [0x000000076f580000,0x000000076f9ca930,0x0000000770000000)
  to   space 10752K, 0% used [0x000000076eb00000,0x000000076eb00000,0x000000076f580000)
 ParOldGen       total 75264K, used 9501K [0x00000006c0000000, 0x00000006c4980000, 0x000000076ab00000)
  object space 75264K, 12% used [0x00000006c0000000,0x00000006c09476b0,0x00000006c4980000)
 Metaspace       used 22677K, capacity 23172K, committed 23424K, reserved 1069056K
  class space    used 3052K, capacity 3185K, committed 3200K, reserved 1048576K
Event: 155.714 GC heap after
Heap after GC invocations=6 (full 1):
 PSYoungGen      total 69120K, used 4618K [0x000000076ab00000, 0x000000076fd80000, 0x00000007c0000000)
  eden space 64000K, 0% used [0x000000076ab00000,0x000000076ab00000,0x000000076e980000)
  from space 5120K, 90% used [0x000000076eb00000,0x000000076ef82930,0x000000076f000000)
  to   space 10240K, 0% used [0x000000076f380000,0x000000076f380000,0x000000076fd80000)
 ParOldGen       total 75264K, used 9509K [0x00000006c0000000, 0x00000006c4980000, 0x000000076ab00000)
  object space 75264K, 12% used [0x00000006c0000000,0x00000006c09496b0,0x00000006c4980000)
 Metaspace       used 22677K, capacity 23172K, committed 23424K, reserved 1069056K
  class space    used 3052K, capacity 3185K, committed 3200K, reserved 1048576K
}
Event: 169.232 GC heap before
{Heap before GC invocations=7 (full 1):
 PSYoungGen      total 69120K, used 68618K [0x000000076ab00000, 0x000000076fd80000, 0x00000007c0000000)
  eden space 64000K, 100% used [0x000000076ab00000,0x000000076e980000,0x000000076e980000)
  from space 5120K, 90% used [0x000000076eb00000,0x000000076ef82930,0x000000076f000000)
  to   space 10240K, 0% used [0x000000076f380000,0x000000076f380000,0x000000076fd80000)
 ParOldGen       total 75264K, used 9509K [0x00000006c0000000, 0x00000006c4980000, 0x000000076ab00000)
  object space 75264K, 12% used [0x00000006c0000000,0x00000006c09496b0,0x00000006c4980000)
 Metaspace       used 22729K, capacity 23172K, committed 23424K, reserved 1069056K
  class space    used 3052K, capacity 3185K, committed 3200K, reserved 1048576K
Event: 169.235 GC heap after
Heap after GC invocations=7 (full 1):
 PSYoungGen      total 70144K, used 4803K [0x000000076ab00000, 0x000000076fb00000, 0x00000007c0000000)
  eden space 62464K, 0% used [0x000000076ab00000,0x000000076ab00000,0x000000076e800000)
  from space 7680K, 62% used [0x000000076f380000,0x000000076f830f70,0x000000076fb00000)
  to   space 9728K, 0% used [0x000000076e800000,0x000000076e800000,0x000000076f180000)
 ParOldGen       total 75264K, used 9517K [0x00000006c0000000, 0x00000006c4980000, 0x000000076ab00000)
  object space 75264K, 12% used [0x00000006c0000000,0x00000006c094b6b0,0x00000006c4980000)
 Metaspace       used 22729K, capacity 23172K, committed 23424K, reserved 1069056K
  class space    used 3052K, capacity 3185K, committed 3200K, reserved 1048576K
}
Event: 170.988 GC heap before
{Heap before GC invocations=8 (full 1):
 PSYoungGen      total 70144K, used 67267K [0x000000076ab00000, 0x000000076fb00000, 0x00000007c0000000)
  eden space 62464K, 100% used [0x000000076ab00000,0x000000076e800000,0x000000076e800000)
  from space 7680K, 62% used [0x000000076f380000,0x000000076f830f70,0x000000076fb00000)
  to   space 9728K, 0% used [0x000000076e800000,0x000000076e800000,0x000000076f180000)
 ParOldGen       total 75264K, used 9517K [0x00000006c0000000, 0x00000006c4980000, 0x000000076ab00000)
  object space 75264K, 12% used [0x00000006c0000000,0x00000006c094b6b0,0x00000006c4980000)
 Metaspace       used 22730K, capacity 23172K, committed 23424K, reserved 1069056K
  class space    used 3052K, capacity 3185K, committed 3200K, reserved 1048576K
Event: 170.991 GC heap after
Heap after GC invocations=8 (full 1):
 PSYoungGen      total 66560K, used 4819K [0x000000076ab00000, 0x000000076f900000, 0x00000007c0000000)
  eden space 61440K, 0% used [0x000000076ab00000,0x000000076ab00000,0x000000076e700000)
  from space 5120K, 94% used [0x000000076e800000,0x000000076ecb4f80,0x000000076ed00000)
  to   space 9216K, 0% used [0x000000076f000000,0x000000076f000000,0x000000076f900000)
 ParOldGen       total 75264K, used 9525K [0x00000006c0000000, 0x00000006c4980000, 0x000000076ab00000)
  object space 75264K, 12% used [0x00000006c0000000,0x00000006c094d6b0,0x00000006c4980000)
 Metaspace       used 22730K, capacity 23172K, committed 23424K, reserved 1069056K
  class space    used 3052K, capacity 3185K, committed 3200K, reserved 1048576K
}
Event: 228.928 GC heap before
{Heap before GC invocations=9 (full 1):
 PSYoungGen      total 66560K, used 66259K [0x000000076ab00000, 0x000000076f900000, 0x00000007c0000000)
  eden space 61440K, 100% used [0x000000076ab00000,0x000000076e700000,0x000000076e700000)
  from space 5120K, 94% used [0x000000076e800000,0x000000076ecb4f80,0x000000076ed00000)
  to   space 9216K, 0% used [0x000000076f000000,0x000000076f000000,0x000000076f900000)
 ParOldGen       total 75264K, used 9525K [0x00000006c0000000, 0x00000006c4980000, 0x000000076ab00000)
  object space 75264K, 12% used [0x00000006c0000000,0x00000006c094d6b0,0x00000006c4980000)
 Metaspace       used 22781K, capacity 23236K, committed 23424K, reserved 1069056K
  class space    used 3052K, capacity 3185K, committed 3200K, reserved 1048576K
Event: 228.931 GC heap after
Heap after GC invocations=9 (full 1):
 PSYoungGen      total 69632K, used 7349K [0x000000076ab00000, 0x000000076f900000, 0x00000007c0000000)
  eden space 60416K, 0% used [0x000000076ab00000,0x000000076ab00000,0x000000076e600000)
  from space 9216K, 79% used [0x000000076f000000,0x000000076f72d6a8,0x000000076f900000)
  to   space 9728K, 0% used [0x000000076e600000,0x000000076e600000,0x000000076ef80000)
 ParOldGen       total 75264K, used 9533K [0x00000006c0000000, 0x00000006c4980000, 0x000000076ab00000)
  object space 75264K, 12% used [0x00000006c0000000,0x00000006c094f6b0,0x00000006c4980000)
 Metaspace       used 22781K, capacity 23236K, committed 23424K, reserved 1069056K
  class space    used 3052K, capacity 3185K, committed 3200K, reserved 1048576K
}
Event: 305.785 GC heap before
{Heap before GC invocations=10 (full 1):
 PSYoungGen      total 69632K, used 64980K [0x000000076ab00000, 0x000000076f900000, 0x00000007c0000000)
  eden space 60416K, 95% used [0x000000076ab00000,0x000000076e347988,0x000000076e600000)
  from space 9216K, 79% used [0x000000076f000000,0x000000076f72d6a8,0x000000076f900000)
  to   space 9728K, 0% used [0x000000076e600000,0x000000076e600000,0x000000076ef80000)
 ParOldGen       total 75264K, used 9533K [0x00000006c0000000, 0x00000006c4980000, 0x000000076ab00000)
  object space 75264K, 12% used [0x00000006c0000000,0x00000006c094f6b0,0x00000006c4980000)
 Metaspace       used 22839K, capacity 23364K, committed 23680K, reserved 1069056K
  class space    used 3055K, capacity 3185K, committed 3200K, reserved 1048576K
Event: 305.791 GC heap after
Heap after GC invocations=10 (full 1):
 PSYoungGen      total 68096K, used 8593K [0x000000076ab00000, 0x000000076f900000, 0x00000007c0000000)
  eden space 59392K, 0% used [0x000000076ab00000,0x000000076ab00000,0x000000076e500000)
  from space 8704K, 98% used [0x000000076e600000,0x000000076ee644a0,0x000000076ee80000)
  to   space 10240K, 0% used [0x000000076ef00000,0x000000076ef00000,0x000000076f900000)
 ParOldGen       total 75264K, used 17402K [0x00000006c0000000, 0x00000006c4980000, 0x000000076ab00000)
  object space 75264K, 23% used [0x00000006c0000000,0x00000006c10febc0,0x00000006c4980000)
 Metaspace       used 22839K, capacity 23364K, committed 23680K, reserved 1069056K
  class space    used 3055K, capacity 3185K, committed 3200K, reserved 1048576K
}

